Using pre-set license
Built from '2022.3/staging' branch; Version is '2022.3.3f1 (7cdc2969a641) revision 8182825'; Using compiler version '192829333'; Build Type 'Release'
OS: 'Windows 10  (10.0.19045) 64bit Enterprise' Language: 'en' Physical Memory: 32477 MB
BatchMode: 1, IsHumanControllingUs: 0, StartBugReporterOnCrash: 0, Is64bit: 1, IsPro: 1

COMMAND LINE ARGUMENTS:
C:\Program Files\Unity 2022.3.3f1\Editor\Unity.exe
-adb2
-batchMode
-noUpm
-name
AssetImportWorker1
-projectPath
C:/Users/A00279813/Documents/GitHub/VRandGaming/UnityCharacterAnimation
-logFile
Logs/AssetImportWorker1.log
-srvPort
49827
Successfully changed project path to: C:/Users/A00279813/Documents/GitHub/VRandGaming/UnityCharacterAnimation
C:/Users/A00279813/Documents/GitHub/VRandGaming/UnityCharacterAnimation
[UnityMemory] Configuration Parameters - Can be set up in boot.config
    "memorysetup-bucket-allocator-granularity=16"
    "memorysetup-bucket-allocator-bucket-count=8"
    "memorysetup-bucket-allocator-block-size=33554432"
    "memorysetup-bucket-allocator-block-count=8"
    "memorysetup-main-allocator-block-size=16777216"
    "memorysetup-thread-allocator-block-size=16777216"
    "memorysetup-gfx-main-allocator-block-size=16777216"
    "memorysetup-gfx-thread-allocator-block-size=16777216"
    "memorysetup-cache-allocator-block-size=4194304"
    "memorysetup-typetree-allocator-block-size=2097152"
    "memorysetup-profiler-bucket-allocator-granularity=16"
    "memorysetup-profiler-bucket-allocator-bucket-count=8"
    "memorysetup-profiler-bucket-allocator-block-size=33554432"
    "memorysetup-profiler-bucket-allocator-block-count=8"
    "memorysetup-profiler-allocator-block-size=16777216"
    "memorysetup-profiler-editor-allocator-block-size=1048576"
    "memorysetup-temp-allocator-size-main=16777216"
    "memorysetup-job-temp-allocator-block-size=2097152"
    "memorysetup-job-temp-allocator-block-size-background=1048576"
    "memorysetup-job-temp-allocator-reduction-small-platforms=262144"
    "memorysetup-allocator-temp-initial-block-size-main=262144"
    "memorysetup-allocator-temp-initial-block-size-worker=262144"
    "memorysetup-temp-allocator-size-background-worker=32768"
    "memorysetup-temp-allocator-size-job-worker=262144"
    "memorysetup-temp-allocator-size-preload-manager=33554432"
    "memorysetup-temp-allocator-size-nav-mesh-worker=65536"
    "memorysetup-temp-allocator-size-audio-worker=65536"
    "memorysetup-temp-allocator-size-cloud-worker=32768"
    "memorysetup-temp-allocator-size-gi-baking-worker=262144"
    "memorysetup-temp-allocator-size-gfx=262144"
Player connection [17848] Host "[IP] 192.168.23.135 [Port] 0 [Flags] 2 [Guid] 2647159571 [EditorId] 2647159571 [Version] 1048832 [Id] WindowsEditor(7,AT-X207-06) [Debug] 1 [PackageName] WindowsEditor [ProjectName] Editor" joined multi-casting on [225.0.0.222:54997]...

Player connection [17848] Host "[IP] 192.168.23.135 [Port] 0 [Flags] 2 [Guid] 2647159571 [EditorId] 2647159571 [Version] 1048832 [Id] WindowsEditor(7,AT-X207-06) [Debug] 1 [PackageName] WindowsEditor [ProjectName] Editor" joined alternative multi-casting on [225.0.0.222:34997]...

Refreshing native plugins compatible for Editor in 7.36 ms, found 3 plugins.
Preloading 0 native plugins for Editor in 0.00 ms.
Initialize engine version: 2022.3.3f1 (7cdc2969a641)
[Subsystems] Discovering subsystems at path C:/Program Files/Unity 2022.3.3f1/Editor/Data/Resources/UnitySubsystems
[Subsystems] Discovering subsystems at path C:/Users/A00279813/Documents/GitHub/VRandGaming/UnityCharacterAnimation/Assets
GfxDevice: creating device client; threaded=0; jobified=0
Direct3D:
    Version:  Direct3D 11.0 [level 11.1]
    Renderer: NVIDIA GeForce RTX 3080 (ID=0x2216)
    Vendor:   NVIDIA
    VRAM:     10067 MB
    Driver:   31.0.15.2824
Initialize mono
Mono path[0] = 'C:/Program Files/Unity 2022.3.3f1/Editor/Data/Managed'
Mono path[1] = 'C:/Program Files/Unity 2022.3.3f1/Editor/Data/MonoBleedingEdge/lib/mono/unityjit-win32'
Mono config path = 'C:/Program Files/Unity 2022.3.3f1/Editor/Data/MonoBleedingEdge/etc'
Using monoOptions --debugger-agent=transport=dt_socket,embedding=1,server=y,suspend=n,address=127.0.0.1:56352
Begin MonoManager ReloadAssembly
Registering precompiled unity dll's ...
Register platform support module: C:/Program Files/Unity 2022.3.3f1/Editor/Data/PlaybackEngines/WindowsStandaloneSupport/UnityEditor.WindowsStandalone.Extensions.dll
Registered in 0.005150 seconds.
- Loaded All Assemblies, in  0.346 seconds
Native extension for WindowsStandalone target not found
Mono: successfully reloaded assembly
- Finished resetting the current domain, in  0.260 seconds
Domain Reload Profiling: 604ms
	BeginReloadAssembly (88ms)
		ExecutionOrderSort (0ms)
		DisableScriptedObjects (0ms)
		BackupInstance (0ms)
		ReleaseScriptingObjects (0ms)
		CreateAndSetChildDomain (1ms)
	RebuildCommonClasses (33ms)
	RebuildNativeTypeToScriptingClass (12ms)
	initialDomainReloadingComplete (72ms)
	LoadAllAssembliesAndSetupDomain (140ms)
		LoadAssemblies (86ms)
		RebuildTransferFunctionScriptingTraits (0ms)
		AnalyzeDomain (135ms)
			TypeCache.Refresh (134ms)
				TypeCache.ScanAssembly (118ms)
			ScanForSourceGeneratedMonoScriptInfo (1ms)
			ResolveRequiredComponents (1ms)
	FinalizeReload (260ms)
		ReleaseScriptCaches (0ms)
		RebuildScriptCaches (0ms)
		SetupLoadedEditorAssemblies (203ms)
			LogAssemblyErrors (0ms)
			InitializePlatformSupportModulesInManaged (8ms)
			SetLoadedEditorAssemblies (7ms)
			RefreshPlugins (0ms)
			BeforeProcessingInitializeOnLoad (2ms)
			ProcessInitializeOnLoadAttributes (139ms)
			ProcessInitializeOnLoadMethodAttributes (47ms)
			AfterProcessingInitializeOnLoad (0ms)
			EditorAssembliesLoaded (0ms)
		ExecutionOrderSort2 (0ms)
		AwakeInstancesAfterBackupRestoration (0ms)
========================================================================
Worker process is ready to serve import requests
Begin MonoManager ReloadAssembly
Symbol file LoadedFromMemory doesn't match image C:\Users\A00279813\Documents\GitHub\VRandGaming\UnityCharacterAnimation\Library\PackageCache\com.unity.visualscripting@1.8.0\Editor\VisualScripting.Core\Dependencies\YamlDotNet\Unity.VisualScripting.YamlDotNet.dll
Symbol file LoadedFromMemory doesn't match image C:\Users\A00279813\Documents\GitHub\VRandGaming\UnityCharacterAnimation\Library\PackageCache\com.unity.visualscripting@1.8.0\Editor\VisualScripting.Core\Dependencies\DotNetZip\Unity.VisualScripting.IonicZip.dll
- Loaded All Assemblies, in  0.693 seconds
Refreshing native plugins compatible for Editor in 2.14 ms, found 3 plugins.
Native extension for WindowsStandalone target not found
Mono: successfully reloaded assembly
- Finished resetting the current domain, in  0.484 seconds
Domain Reload Profiling: 1175ms
	BeginReloadAssembly (130ms)
		ExecutionOrderSort (0ms)
		DisableScriptedObjects (5ms)
		BackupInstance (0ms)
		ReleaseScriptingObjects (0ms)
		CreateAndSetChildDomain (25ms)
	RebuildCommonClasses (33ms)
	RebuildNativeTypeToScriptingClass (10ms)
	initialDomainReloadingComplete (38ms)
	LoadAllAssembliesAndSetupDomain (480ms)
		LoadAssemblies (243ms)
		RebuildTransferFunctionScriptingTraits (0ms)
		AnalyzeDomain (296ms)
			TypeCache.Refresh (278ms)
				TypeCache.ScanAssembly (265ms)
			ScanForSourceGeneratedMonoScriptInfo (14ms)
			ResolveRequiredComponents (4ms)
	FinalizeReload (484ms)
		ReleaseScriptCaches (0ms)
		RebuildScriptCaches (0ms)
		SetupLoadedEditorAssemblies (350ms)
			LogAssemblyErrors (0ms)
			InitializePlatformSupportModulesInManaged (5ms)
			SetLoadedEditorAssemblies (6ms)
			RefreshPlugins (0ms)
			BeforeProcessingInitializeOnLoad (63ms)
			ProcessInitializeOnLoadAttributes (250ms)
			ProcessInitializeOnLoadMethodAttributes (22ms)
			AfterProcessingInitializeOnLoad (5ms)
			EditorAssembliesLoaded (0ms)
		ExecutionOrderSort2 (0ms)
		AwakeInstancesAfterBackupRestoration (7ms)
Launched and connected shader compiler UnityShaderCompiler.exe after 0.05 seconds
Refreshing native plugins compatible for Editor in 3.83 ms, found 3 plugins.
Preloading 0 native plugins for Editor in 0.00 ms.
Unloading 3065 Unused Serialized files (Serialized files now loaded: 0)
Unloading 31 unused Assets / (56.2 KB). Loaded Objects now: 3529.
Memory consumption went from 115.9 MB to 115.8 MB.
Total: 3.149900 ms (FindLiveObjects: 0.297200 ms CreateObjectMapping: 0.178900 ms MarkObjects: 2.571200 ms  DeleteObjects: 0.101300 ms)

AssetImportParameters requested are different than current active one (requested -> active):
  custom:container-demuxer-ogg: 62fdf1f143b41e24485cea50d1cbac27 -> 
  custom:video-decoder-ogg-theora: a1e56fd34408186e4bbccfd4996cb3dc -> 
  custom:framework-win-MediaFoundation: 216162199b28c13a410421893ffa2e32 -> 
  custom:container-demuxer-webm: 4f35f7cbe854078d1ac9338744f61a02 -> 
  custom:container-muxer-webm: aa71ff27fc2769a1b78a27578f13a17b -> 
  custom:video-decoder-webm-vp8: 9c59270c3fd7afecdb556c50c9e8de78 -> 
  custom:AudioImporter_EditorPlatform: d09bf68614088b80899f8185d706f6e7 -> 
  custom:video-encoder-webm-vp8: eb34c28f22e8b96e1ab97ce403110664 -> 
  custom:audio-decoder-ogg-vorbis: bf7c407c2cedff20999df2af8eb42d56 -> 
  custom:audio-encoder-webm-vorbis: bf7c407c2cedff20999df2af8eb42d56 -> 
========================================================================
Received Import Request.
  Time since last request: 2289156.985514 seconds.
  path: Assets/Ben.fbx
  artifactKey: Guid(3b5f1300cadc1c04b8b853684dbf7b33) Importer(815301076,1909f56bfc062723c751e8b465ee728b)
Start importing Assets/Ben.fbx using Guid(3b5f1300cadc1c04b8b853684dbf7b33) Importer(815301076,1909f56bfc062723c751e8b465ee728b)  -> (artifact id: '66751a2af725fc4f04ba2342b2947b74') in 0.183310 seconds
Number of updated asset objects reloaded before import = 0
Number of asset objects unloaded after import = 95
========================================================================
Received Import Request.
  Time since last request: 342.792189 seconds.
  path: Assets/eyebrow012.004.mat
  artifactKey: Guid(7b3548a161b580a44b4a5850c8e355e0) Importer(815301076,1909f56bfc062723c751e8b465ee728b)
Start importing Assets/eyebrow012.004.mat using Guid(7b3548a161b580a44b4a5850c8e355e0) Importer(815301076,1909f56bfc062723c751e8b465ee728b)  -> (artifact id: '2f6b3da3f773bbbe05544ae311dc4f55') in 0.021596 seconds
Number of updated asset objects reloaded before import = 0
Number of asset objects unloaded after import = 1
========================================================================
Received Import Request.
  Time since last request: 0.001515 seconds.
  path: Assets/short04.mat
  artifactKey: Guid(37f46eb294ee600479d9a6bec8bee5c1) Importer(815301076,1909f56bfc062723c751e8b465ee728b)
Start importing Assets/short04.mat using Guid(37f46eb294ee600479d9a6bec8bee5c1) Importer(815301076,1909f56bfc062723c751e8b465ee728b)  -> (artifact id: 'b5b0a89388707552528924348d34ee3c') in 0.015329 seconds
Number of updated asset objects reloaded before import = 0
Number of asset objects unloaded after import = 1
========================================================================
Received Import Request.
  Time since last request: 0.000021 seconds.
  path: Assets/male_elegantsuit01.004.mat
  artifactKey: Guid(266bb49f0cca07b469ea8cba2d49524d) Importer(815301076,1909f56bfc062723c751e8b465ee728b)
Start importing Assets/male_elegantsuit01.004.mat using Guid(266bb49f0cca07b469ea8cba2d49524d) Importer(815301076,1909f56bfc062723c751e8b465ee728b)  -> (artifact id: '0d1d44f0ee92f36b02b5c0d1a7b2f016') in 0.014216 seconds
Number of updated asset objects reloaded before import = 0
Number of asset objects unloaded after import = 1
========================================================================
Received Import Request.
  Time since last request: 0.000022 seconds.
  path: Assets/male_muscle_13290.004.mat
  artifactKey: Guid(e8ba36ca84a1f0341ab179fa625f11d8) Importer(815301076,1909f56bfc062723c751e8b465ee728b)
Start importing Assets/male_muscle_13290.004.mat using Guid(e8ba36ca84a1f0341ab179fa625f11d8) Importer(815301076,1909f56bfc062723c751e8b465ee728b)  -> (artifact id: '971d6c68ddbfb7a3e62145576eb48fa7') in 0.013761 seconds
Number of updated asset objects reloaded before import = 0
Number of asset objects unloaded after import = 1
========================================================================
Received Import Request.
  Time since last request: 0.000046 seconds.
  path: Assets/low-poly.001.mat
  artifactKey: Guid(413177d53386bb740b375ffc063238b2) Importer(815301076,1909f56bfc062723c751e8b465ee728b)
Start importing Assets/low-poly.001.mat using Guid(413177d53386bb740b375ffc063238b2) Importer(815301076,1909f56bfc062723c751e8b465ee728b)  -> (artifact id: '72330080ffe04e527c42613c66e1a22b') in 0.015983 seconds
Number of updated asset objects reloaded before import = 0
Number of asset objects unloaded after import = 1
========================================================================
Received Import Request.
  Time since last request: 0.000017 seconds.
  path: Assets/teeth_shape03.004.mat
  artifactKey: Guid(ed89eb7de3b6c3041bd7b28952c2a6bc) Importer(815301076,1909f56bfc062723c751e8b465ee728b)
Start importing Assets/teeth_shape03.004.mat using Guid(ed89eb7de3b6c3041bd7b28952c2a6bc) Importer(815301076,1909f56bfc062723c751e8b465ee728b)  -> (artifact id: '4656c7f51bda19487f31a9d04c43ce53') in 0.011971 seconds
Number of updated asset objects reloaded before import = 0
Number of asset objects unloaded after import = 1
========================================================================
Received Import Request.
  Time since last request: 4.104460 seconds.
  path: Assets/eyebrow012.png
  artifactKey: Guid(ee0d4902bcca9ee4ea7bda2db82cb5a3) Importer(815301076,1909f56bfc062723c751e8b465ee728b)
Start importing Assets/eyebrow012.png using Guid(ee0d4902bcca9ee4ea7bda2db82cb5a3) Importer(815301076,1909f56bfc062723c751e8b465ee728b)  -> (artifact id: '246a0cc7377a1dfe34262d361939582f') in 0.029931 seconds
Number of updated asset objects reloaded before import = 0
Number of asset objects unloaded after import = 2
========================================================================
Received Import Request.
  Time since last request: 0.000030 seconds.
  path: Assets/middleage_lightskinned_male_diffuse2.png
  artifactKey: Guid(34091b192e788bc46a2981ab14478339) Importer(815301076,1909f56bfc062723c751e8b465ee728b)
Start importing Assets/middleage_lightskinned_male_diffuse2.png using Guid(34091b192e788bc46a2981ab14478339) Importer(815301076,1909f56bfc062723c751e8b465ee728b)  -> (artifact id: 'e1a9d391dd5998821a98aa862ee040d2') in 0.019839 seconds
Number of updated asset objects reloaded before import = 0
Number of asset objects unloaded after import = 2
========================================================================
Received Import Request.
  Time since last request: 0.000017 seconds.
  path: Assets/teeth.png
  artifactKey: Guid(04c07749c40378e4aaf9365fdfdd3abd) Importer(815301076,1909f56bfc062723c751e8b465ee728b)
Start importing Assets/teeth.png using Guid(04c07749c40378e4aaf9365fdfdd3abd) Importer(815301076,1909f56bfc062723c751e8b465ee728b)  -> (artifact id: '623761afc294eb0f822eaa57b3f04302') in 0.030170 seconds
Number of updated asset objects reloaded before import = 0
Number of asset objects unloaded after import = 2
